<?xml version="1.0" encoding="UTF-8"?>
<testng-results skipped="0" failed="0" ignored="0" total="1" passed="1">
  <reporter-output>
  </reporter-output>
  <suite name="Default suite" duration-ms="6634" started-at="2021-08-28T13:56:35Z" finished-at="2021-08-28T13:56:41Z">
    <groups>
    </groups>
    <test name="Default test" duration-ms="6634" started-at="2021-08-28T13:56:35Z" finished-at="2021-08-28T13:56:41Z">
      <class name="Prt">
        <test-method status="PASS" signature="tr()[pri:0, instance:Prt@6093dd95]" name="tr" duration-ms="6594" started-at="2021-08-28T13:56:35Z" finished-at="2021-08-28T13:56:41Z">
          <reporter-output>
          </reporter-output>
        </test-method> <!-- tr -->
      </class> <!-- Prt -->
    </test> <!-- Default test -->
  </suite> <!-- Default suite -->
</testng-results>
